<?xml version="1.0" encoding="UTF-8" ?>
<testsuite tests="6" failures="0" name="com.vktech.MavenCucumberPrototype.RunnerTest" time="0.619" errors="0" skipped="5">
  <properties>
[...]
</properties>
  <testcase classname="Scenario: To populate the specific page" name="Given I navigate to the url" time="0.101">
    <skipped/>
    <system-out>Feature: Page Title verification
</system-out>
  </testcase>
  <testcase classname="Scenario: To populate the specific page" name="When I click on the &quot;Sport&quot;" time="0.101">
    <skipped/>
  </testcase>
  <testcase classname="Scenario: To populate the specific page" name="Then I check I am on the confirmation page" time="0.101">
    <skipped/>
  </testcase>
  <testcase classname="Scenario: To populate the specific page" name="And I close the browser" time="0.103">
    <skipped/>
  </testcase>
  <testcase classname="Scenario: To populate the specific page" name="Scenario: To populate the specific page" time="0.105">
    <skipped/>
  </testcase>
  <testcase classname="Scenario: To populate the specific page" name="Scenario: To populate the specific page" time="0.108"/>
</testsuite>